WARNING - 2025-10-15 01:30:30 --> [DEPRECATED] Creation of dynamic property App\Controllers\Mahasiswa::$mdl is deprecated in APPPATH\Controllers\Mahasiswa.php on line 17.
 1 SYSTEMPATH\CodeIgniter.php(906): App\Controllers\Mahasiswa->__construct()
 2 SYSTEMPATH\CodeIgniter.php(490): CodeIgniter\CodeIgniter->createController()
 3 SYSTEMPATH\CodeIgniter.php(368): CodeIgniter\CodeIgniter->handleRequest(null, Object(Config\Cache), false)
 4 FCPATH\index.php(67): CodeIgniter\CodeIgniter->run()
WARNING - 2025-10-15 01:30:30 --> [DEPRECATED] Creation of dynamic property App\Controllers\Mahasiswa::$validation is deprecated in APPPATH\Controllers\Mahasiswa.php on line 18.
 1 SYSTEMPATH\CodeIgniter.php(906): App\Controllers\Mahasiswa->__construct()
 2 SYSTEMPATH\CodeIgniter.php(490): CodeIgniter\CodeIgniter->createController()
 3 SYSTEMPATH\CodeIgniter.php(368): CodeIgniter\CodeIgniter->handleRequest(null, Object(Config\Cache), false)
 4 FCPATH\index.php(67): CodeIgniter\CodeIgniter->run()
WARNING - 2025-10-15 01:32:30 --> [DEPRECATED] Creation of dynamic property App\Controllers\Mahasiswa::$mdl is deprecated in APPPATH\Controllers\Mahasiswa.php on line 17.
 1 SYSTEMPATH\CodeIgniter.php(906): App\Controllers\Mahasiswa->__construct()
 2 SYSTEMPATH\CodeIgniter.php(490): CodeIgniter\CodeIgniter->createController()
 3 SYSTEMPATH\CodeIgniter.php(368): CodeIgniter\CodeIgniter->handleRequest(null, Object(Config\Cache), false)
 4 FCPATH\index.php(67): CodeIgniter\CodeIgniter->run()
WARNING - 2025-10-15 01:32:30 --> [DEPRECATED] Creation of dynamic property App\Controllers\Mahasiswa::$validation is deprecated in APPPATH\Controllers\Mahasiswa.php on line 18.
 1 SYSTEMPATH\CodeIgniter.php(906): App\Controllers\Mahasiswa->__construct()
 2 SYSTEMPATH\CodeIgniter.php(490): CodeIgniter\CodeIgniter->createController()
 3 SYSTEMPATH\CodeIgniter.php(368): CodeIgniter\CodeIgniter->handleRequest(null, Object(Config\Cache), false)
 4 FCPATH\index.php(67): CodeIgniter\CodeIgniter->run()
WARNING - 2025-10-15 01:48:38 --> [DEPRECATED] Creation of dynamic property App\Controllers\Mahasiswa::$mdl is deprecated in APPPATH\Controllers\Mahasiswa.php on line 17.
 1 SYSTEMPATH\CodeIgniter.php(906): App\Controllers\Mahasiswa->__construct()
 2 SYSTEMPATH\CodeIgniter.php(490): CodeIgniter\CodeIgniter->createController()
 3 SYSTEMPATH\CodeIgniter.php(368): CodeIgniter\CodeIgniter->handleRequest(null, Object(Config\Cache), false)
 4 FCPATH\index.php(67): CodeIgniter\CodeIgniter->run()
WARNING - 2025-10-15 01:48:39 --> [DEPRECATED] Creation of dynamic property App\Controllers\Mahasiswa::$validation is deprecated in APPPATH\Controllers\Mahasiswa.php on line 18.
 1 SYSTEMPATH\CodeIgniter.php(906): App\Controllers\Mahasiswa->__construct()
 2 SYSTEMPATH\CodeIgniter.php(490): CodeIgniter\CodeIgniter->createController()
 3 SYSTEMPATH\CodeIgniter.php(368): CodeIgniter\CodeIgniter->handleRequest(null, Object(Config\Cache), false)
 4 FCPATH\index.php(67): CodeIgniter\CodeIgniter->run()
WARNING - 2025-10-15 01:50:21 --> [DEPRECATED] Creation of dynamic property App\Controllers\Mahasiswa::$mdl is deprecated in APPPATH\Controllers\Mahasiswa.php on line 17.
 1 SYSTEMPATH\CodeIgniter.php(906): App\Controllers\Mahasiswa->__construct()
 2 SYSTEMPATH\CodeIgniter.php(490): CodeIgniter\CodeIgniter->createController()
 3 SYSTEMPATH\CodeIgniter.php(368): CodeIgniter\CodeIgniter->handleRequest(null, Object(Config\Cache), false)
 4 FCPATH\index.php(67): CodeIgniter\CodeIgniter->run()
WARNING - 2025-10-15 01:50:21 --> [DEPRECATED] Creation of dynamic property App\Controllers\Mahasiswa::$mdl is deprecated in APPPATH\Controllers\Mahasiswa.php on line 17.
 1 SYSTEMPATH\CodeIgniter.php(906): App\Controllers\Mahasiswa->__construct()
 2 SYSTEMPATH\CodeIgniter.php(490): CodeIgniter\CodeIgniter->createController()
 3 SYSTEMPATH\CodeIgniter.php(368): CodeIgniter\CodeIgniter->handleRequest(null, Object(Config\Cache), false)
 4 FCPATH\index.php(67): CodeIgniter\CodeIgniter->run()
WARNING - 2025-10-15 01:50:21 --> [DEPRECATED] Creation of dynamic property App\Controllers\Mahasiswa::$validation is deprecated in APPPATH\Controllers\Mahasiswa.php on line 18.
 1 SYSTEMPATH\CodeIgniter.php(906): App\Controllers\Mahasiswa->__construct()
 2 SYSTEMPATH\CodeIgniter.php(490): CodeIgniter\CodeIgniter->createController()
 3 SYSTEMPATH\CodeIgniter.php(368): CodeIgniter\CodeIgniter->handleRequest(null, Object(Config\Cache), false)
 4 FCPATH\index.php(67): CodeIgniter\CodeIgniter->run()
WARNING - 2025-10-15 01:50:21 --> [DEPRECATED] Creation of dynamic property App\Controllers\Mahasiswa::$validation is deprecated in APPPATH\Controllers\Mahasiswa.php on line 18.
 1 SYSTEMPATH\CodeIgniter.php(906): App\Controllers\Mahasiswa->__construct()
 2 SYSTEMPATH\CodeIgniter.php(490): CodeIgniter\CodeIgniter->createController()
 3 SYSTEMPATH\CodeIgniter.php(368): CodeIgniter\CodeIgniter->handleRequest(null, Object(Config\Cache), false)
 4 FCPATH\index.php(67): CodeIgniter\CodeIgniter->run()
WARNING - 2025-10-15 01:53:49 --> [DEPRECATED] Creation of dynamic property App\Controllers\Mahasiswa::$mdl is deprecated in APPPATH\Controllers\Mahasiswa.php on line 17.
 1 SYSTEMPATH\CodeIgniter.php(906): App\Controllers\Mahasiswa->__construct()
 2 SYSTEMPATH\CodeIgniter.php(490): CodeIgniter\CodeIgniter->createController()
 3 SYSTEMPATH\CodeIgniter.php(368): CodeIgniter\CodeIgniter->handleRequest(null, Object(Config\Cache), false)
 4 FCPATH\index.php(67): CodeIgniter\CodeIgniter->run()
WARNING - 2025-10-15 01:53:49 --> [DEPRECATED] Creation of dynamic property App\Controllers\Mahasiswa::$validation is deprecated in APPPATH\Controllers\Mahasiswa.php on line 18.
 1 SYSTEMPATH\CodeIgniter.php(906): App\Controllers\Mahasiswa->__construct()
 2 SYSTEMPATH\CodeIgniter.php(490): CodeIgniter\CodeIgniter->createController()
 3 SYSTEMPATH\CodeIgniter.php(368): CodeIgniter\CodeIgniter->handleRequest(null, Object(Config\Cache), false)
 4 FCPATH\index.php(67): CodeIgniter\CodeIgniter->run()
WARNING - 2025-10-15 01:54:16 --> [DEPRECATED] Creation of dynamic property App\Controllers\Mahasiswa::$mdl is deprecated in APPPATH\Controllers\Mahasiswa.php on line 17.
 1 SYSTEMPATH\CodeIgniter.php(906): App\Controllers\Mahasiswa->__construct()
 2 SYSTEMPATH\CodeIgniter.php(490): CodeIgniter\CodeIgniter->createController()
 3 SYSTEMPATH\CodeIgniter.php(368): CodeIgniter\CodeIgniter->handleRequest(null, Object(Config\Cache), false)
 4 FCPATH\index.php(67): CodeIgniter\CodeIgniter->run()
WARNING - 2025-10-15 01:54:16 --> [DEPRECATED] Creation of dynamic property App\Controllers\Mahasiswa::$validation is deprecated in APPPATH\Controllers\Mahasiswa.php on line 18.
 1 SYSTEMPATH\CodeIgniter.php(906): App\Controllers\Mahasiswa->__construct()
 2 SYSTEMPATH\CodeIgniter.php(490): CodeIgniter\CodeIgniter->createController()
 3 SYSTEMPATH\CodeIgniter.php(368): CodeIgniter\CodeIgniter->handleRequest(null, Object(Config\Cache), false)
 4 FCPATH\index.php(67): CodeIgniter\CodeIgniter->run()
WARNING - 2025-10-15 01:54:16 --> [DEPRECATED] Creation of dynamic property App\Controllers\Mahasiswa::$mdl is deprecated in APPPATH\Controllers\Mahasiswa.php on line 17.
 1 SYSTEMPATH\CodeIgniter.php(906): App\Controllers\Mahasiswa->__construct()
 2 SYSTEMPATH\CodeIgniter.php(490): CodeIgniter\CodeIgniter->createController()
 3 SYSTEMPATH\CodeIgniter.php(368): CodeIgniter\CodeIgniter->handleRequest(null, Object(Config\Cache), false)
 4 FCPATH\index.php(67): CodeIgniter\CodeIgniter->run()
WARNING - 2025-10-15 01:54:16 --> [DEPRECATED] Creation of dynamic property App\Controllers\Mahasiswa::$validation is deprecated in APPPATH\Controllers\Mahasiswa.php on line 18.
 1 SYSTEMPATH\CodeIgniter.php(906): App\Controllers\Mahasiswa->__construct()
 2 SYSTEMPATH\CodeIgniter.php(490): CodeIgniter\CodeIgniter->createController()
 3 SYSTEMPATH\CodeIgniter.php(368): CodeIgniter\CodeIgniter->handleRequest(null, Object(Config\Cache), false)
 4 FCPATH\index.php(67): CodeIgniter\CodeIgniter->run()
WARNING - 2025-10-15 01:54:44 --> [DEPRECATED] Creation of dynamic property App\Controllers\Mahasiswa::$mdl is deprecated in APPPATH\Controllers\Mahasiswa.php on line 17.
 1 SYSTEMPATH\CodeIgniter.php(906): App\Controllers\Mahasiswa->__construct()
 2 SYSTEMPATH\CodeIgniter.php(490): CodeIgniter\CodeIgniter->createController()
 3 SYSTEMPATH\CodeIgniter.php(368): CodeIgniter\CodeIgniter->handleRequest(null, Object(Config\Cache), false)
 4 FCPATH\index.php(67): CodeIgniter\CodeIgniter->run()
WARNING - 2025-10-15 01:54:44 --> [DEPRECATED] Creation of dynamic property App\Controllers\Mahasiswa::$validation is deprecated in APPPATH\Controllers\Mahasiswa.php on line 18.
 1 SYSTEMPATH\CodeIgniter.php(906): App\Controllers\Mahasiswa->__construct()
 2 SYSTEMPATH\CodeIgniter.php(490): CodeIgniter\CodeIgniter->createController()
 3 SYSTEMPATH\CodeIgniter.php(368): CodeIgniter\CodeIgniter->handleRequest(null, Object(Config\Cache), false)
 4 FCPATH\index.php(67): CodeIgniter\CodeIgniter->run()
WARNING - 2025-10-15 01:54:44 --> [DEPRECATED] Creation of dynamic property App\Controllers\Mahasiswa::$mdl is deprecated in APPPATH\Controllers\Mahasiswa.php on line 17.
 1 SYSTEMPATH\CodeIgniter.php(906): App\Controllers\Mahasiswa->__construct()
 2 SYSTEMPATH\CodeIgniter.php(490): CodeIgniter\CodeIgniter->createController()
 3 SYSTEMPATH\CodeIgniter.php(368): CodeIgniter\CodeIgniter->handleRequest(null, Object(Config\Cache), false)
 4 FCPATH\index.php(67): CodeIgniter\CodeIgniter->run()
WARNING - 2025-10-15 01:54:44 --> [DEPRECATED] Creation of dynamic property App\Controllers\Mahasiswa::$validation is deprecated in APPPATH\Controllers\Mahasiswa.php on line 18.
 1 SYSTEMPATH\CodeIgniter.php(906): App\Controllers\Mahasiswa->__construct()
 2 SYSTEMPATH\CodeIgniter.php(490): CodeIgniter\CodeIgniter->createController()
 3 SYSTEMPATH\CodeIgniter.php(368): CodeIgniter\CodeIgniter->handleRequest(null, Object(Config\Cache), false)
 4 FCPATH\index.php(67): CodeIgniter\CodeIgniter->run()
WARNING - 2025-10-15 01:54:56 --> [DEPRECATED] Creation of dynamic property App\Controllers\Mahasiswa::$mdl is deprecated in APPPATH\Controllers\Mahasiswa.php on line 17.
 1 SYSTEMPATH\CodeIgniter.php(906): App\Controllers\Mahasiswa->__construct()
 2 SYSTEMPATH\CodeIgniter.php(490): CodeIgniter\CodeIgniter->createController()
 3 SYSTEMPATH\CodeIgniter.php(368): CodeIgniter\CodeIgniter->handleRequest(null, Object(Config\Cache), false)
 4 FCPATH\index.php(67): CodeIgniter\CodeIgniter->run()
WARNING - 2025-10-15 01:54:56 --> [DEPRECATED] Creation of dynamic property App\Controllers\Mahasiswa::$validation is deprecated in APPPATH\Controllers\Mahasiswa.php on line 18.
 1 SYSTEMPATH\CodeIgniter.php(906): App\Controllers\Mahasiswa->__construct()
 2 SYSTEMPATH\CodeIgniter.php(490): CodeIgniter\CodeIgniter->createController()
 3 SYSTEMPATH\CodeIgniter.php(368): CodeIgniter\CodeIgniter->handleRequest(null, Object(Config\Cache), false)
 4 FCPATH\index.php(67): CodeIgniter\CodeIgniter->run()
WARNING - 2025-10-15 01:54:57 --> [DEPRECATED] Creation of dynamic property App\Controllers\Mahasiswa::$mdl is deprecated in APPPATH\Controllers\Mahasiswa.php on line 17.
 1 SYSTEMPATH\CodeIgniter.php(906): App\Controllers\Mahasiswa->__construct()
 2 SYSTEMPATH\CodeIgniter.php(490): CodeIgniter\CodeIgniter->createController()
 3 SYSTEMPATH\CodeIgniter.php(368): CodeIgniter\CodeIgniter->handleRequest(null, Object(Config\Cache), false)
 4 FCPATH\index.php(67): CodeIgniter\CodeIgniter->run()
WARNING - 2025-10-15 01:54:57 --> [DEPRECATED] Creation of dynamic property App\Controllers\Mahasiswa::$validation is deprecated in APPPATH\Controllers\Mahasiswa.php on line 18.
 1 SYSTEMPATH\CodeIgniter.php(906): App\Controllers\Mahasiswa->__construct()
 2 SYSTEMPATH\CodeIgniter.php(490): CodeIgniter\CodeIgniter->createController()
 3 SYSTEMPATH\CodeIgniter.php(368): CodeIgniter\CodeIgniter->handleRequest(null, Object(Config\Cache), false)
 4 FCPATH\index.php(67): CodeIgniter\CodeIgniter->run()
WARNING - 2025-10-15 02:01:28 --> [DEPRECATED] Creation of dynamic property App\Controllers\Mahasiswa::$mdl is deprecated in APPPATH\Controllers\Mahasiswa.php on line 17.
 1 SYSTEMPATH\CodeIgniter.php(906): App\Controllers\Mahasiswa->__construct()
 2 SYSTEMPATH\CodeIgniter.php(490): CodeIgniter\CodeIgniter->createController()
 3 SYSTEMPATH\CodeIgniter.php(368): CodeIgniter\CodeIgniter->handleRequest(null, Object(Config\Cache), false)
 4 FCPATH\index.php(67): CodeIgniter\CodeIgniter->run()
WARNING - 2025-10-15 02:01:28 --> [DEPRECATED] Creation of dynamic property App\Controllers\Mahasiswa::$validation is deprecated in APPPATH\Controllers\Mahasiswa.php on line 18.
 1 SYSTEMPATH\CodeIgniter.php(906): App\Controllers\Mahasiswa->__construct()
 2 SYSTEMPATH\CodeIgniter.php(490): CodeIgniter\CodeIgniter->createController()
 3 SYSTEMPATH\CodeIgniter.php(368): CodeIgniter\CodeIgniter->handleRequest(null, Object(Config\Cache), false)
 4 FCPATH\index.php(67): CodeIgniter\CodeIgniter->run()
WARNING - 2025-10-15 02:01:41 --> [DEPRECATED] Creation of dynamic property App\Controllers\Mahasiswa::$mdl is deprecated in APPPATH\Controllers\Mahasiswa.php on line 17.
 1 SYSTEMPATH\CodeIgniter.php(906): App\Controllers\Mahasiswa->__construct()
 2 SYSTEMPATH\CodeIgniter.php(490): CodeIgniter\CodeIgniter->createController()
 3 SYSTEMPATH\CodeIgniter.php(368): CodeIgniter\CodeIgniter->handleRequest(null, Object(Config\Cache), false)
 4 FCPATH\index.php(67): CodeIgniter\CodeIgniter->run()
WARNING - 2025-10-15 02:01:41 --> [DEPRECATED] Creation of dynamic property App\Controllers\Mahasiswa::$validation is deprecated in APPPATH\Controllers\Mahasiswa.php on line 18.
 1 SYSTEMPATH\CodeIgniter.php(906): App\Controllers\Mahasiswa->__construct()
 2 SYSTEMPATH\CodeIgniter.php(490): CodeIgniter\CodeIgniter->createController()
 3 SYSTEMPATH\CodeIgniter.php(368): CodeIgniter\CodeIgniter->handleRequest(null, Object(Config\Cache), false)
 4 FCPATH\index.php(67): CodeIgniter\CodeIgniter->run()
WARNING - 2025-10-15 02:01:42 --> [DEPRECATED] Creation of dynamic property App\Controllers\Mahasiswa::$mdl is deprecated in APPPATH\Controllers\Mahasiswa.php on line 17.
 1 SYSTEMPATH\CodeIgniter.php(906): App\Controllers\Mahasiswa->__construct()
 2 SYSTEMPATH\CodeIgniter.php(490): CodeIgniter\CodeIgniter->createController()
 3 SYSTEMPATH\CodeIgniter.php(368): CodeIgniter\CodeIgniter->handleRequest(null, Object(Config\Cache), false)
 4 FCPATH\index.php(67): CodeIgniter\CodeIgniter->run()
WARNING - 2025-10-15 02:01:42 --> [DEPRECATED] Creation of dynamic property App\Controllers\Mahasiswa::$validation is deprecated in APPPATH\Controllers\Mahasiswa.php on line 18.
 1 SYSTEMPATH\CodeIgniter.php(906): App\Controllers\Mahasiswa->__construct()
 2 SYSTEMPATH\CodeIgniter.php(490): CodeIgniter\CodeIgniter->createController()
 3 SYSTEMPATH\CodeIgniter.php(368): CodeIgniter\CodeIgniter->handleRequest(null, Object(Config\Cache), false)
 4 FCPATH\index.php(67): CodeIgniter\CodeIgniter->run()
WARNING - 2025-10-15 02:02:07 --> [DEPRECATED] Creation of dynamic property App\Controllers\Mahasiswa::$mdl is deprecated in APPPATH\Controllers\Mahasiswa.php on line 17.
 1 SYSTEMPATH\CodeIgniter.php(906): App\Controllers\Mahasiswa->__construct()
 2 SYSTEMPATH\CodeIgniter.php(490): CodeIgniter\CodeIgniter->createController()
 3 SYSTEMPATH\CodeIgniter.php(368): CodeIgniter\CodeIgniter->handleRequest(null, Object(Config\Cache), false)
 4 FCPATH\index.php(67): CodeIgniter\CodeIgniter->run()
WARNING - 2025-10-15 02:02:07 --> [DEPRECATED] Creation of dynamic property App\Controllers\Mahasiswa::$validation is deprecated in APPPATH\Controllers\Mahasiswa.php on line 18.
 1 SYSTEMPATH\CodeIgniter.php(906): App\Controllers\Mahasiswa->__construct()
 2 SYSTEMPATH\CodeIgniter.php(490): CodeIgniter\CodeIgniter->createController()
 3 SYSTEMPATH\CodeIgniter.php(368): CodeIgniter\CodeIgniter->handleRequest(null, Object(Config\Cache), false)
 4 FCPATH\index.php(67): CodeIgniter\CodeIgniter->run()
WARNING - 2025-10-15 02:02:07 --> [DEPRECATED] Creation of dynamic property App\Controllers\Mahasiswa::$mdl is deprecated in APPPATH\Controllers\Mahasiswa.php on line 17.
 1 SYSTEMPATH\CodeIgniter.php(906): App\Controllers\Mahasiswa->__construct()
 2 SYSTEMPATH\CodeIgniter.php(490): CodeIgniter\CodeIgniter->createController()
 3 SYSTEMPATH\CodeIgniter.php(368): CodeIgniter\CodeIgniter->handleRequest(null, Object(Config\Cache), false)
 4 FCPATH\index.php(67): CodeIgniter\CodeIgniter->run()
WARNING - 2025-10-15 02:02:07 --> [DEPRECATED] Creation of dynamic property App\Controllers\Mahasiswa::$validation is deprecated in APPPATH\Controllers\Mahasiswa.php on line 18.
 1 SYSTEMPATH\CodeIgniter.php(906): App\Controllers\Mahasiswa->__construct()
 2 SYSTEMPATH\CodeIgniter.php(490): CodeIgniter\CodeIgniter->createController()
 3 SYSTEMPATH\CodeIgniter.php(368): CodeIgniter\CodeIgniter->handleRequest(null, Object(Config\Cache), false)
 4 FCPATH\index.php(67): CodeIgniter\CodeIgniter->run()
WARNING - 2025-10-15 02:05:28 --> [DEPRECATED] Creation of dynamic property App\Controllers\Mahasiswa::$mdl is deprecated in APPPATH\Controllers\Mahasiswa.php on line 17.
 1 SYSTEMPATH\CodeIgniter.php(906): App\Controllers\Mahasiswa->__construct()
 2 SYSTEMPATH\CodeIgniter.php(490): CodeIgniter\CodeIgniter->createController()
 3 SYSTEMPATH\CodeIgniter.php(368): CodeIgniter\CodeIgniter->handleRequest(null, Object(Config\Cache), false)
 4 FCPATH\index.php(67): CodeIgniter\CodeIgniter->run()
WARNING - 2025-10-15 02:05:28 --> [DEPRECATED] Creation of dynamic property App\Controllers\Mahasiswa::$validation is deprecated in APPPATH\Controllers\Mahasiswa.php on line 18.
 1 SYSTEMPATH\CodeIgniter.php(906): App\Controllers\Mahasiswa->__construct()
 2 SYSTEMPATH\CodeIgniter.php(490): CodeIgniter\CodeIgniter->createController()
 3 SYSTEMPATH\CodeIgniter.php(368): CodeIgniter\CodeIgniter->handleRequest(null, Object(Config\Cache), false)
 4 FCPATH\index.php(67): CodeIgniter\CodeIgniter->run()
WARNING - 2025-10-15 02:19:10 --> [DEPRECATED] Creation of dynamic property App\Controllers\Mahasiswa::$mdl is deprecated in APPPATH\Controllers\Mahasiswa.php on line 17.
 1 SYSTEMPATH\CodeIgniter.php(906): App\Controllers\Mahasiswa->__construct()
 2 SYSTEMPATH\CodeIgniter.php(490): CodeIgniter\CodeIgniter->createController()
 3 SYSTEMPATH\CodeIgniter.php(368): CodeIgniter\CodeIgniter->handleRequest(null, Object(Config\Cache), false)
 4 FCPATH\index.php(67): CodeIgniter\CodeIgniter->run()
WARNING - 2025-10-15 02:19:10 --> [DEPRECATED] Creation of dynamic property App\Controllers\Mahasiswa::$validation is deprecated in APPPATH\Controllers\Mahasiswa.php on line 18.
 1 SYSTEMPATH\CodeIgniter.php(906): App\Controllers\Mahasiswa->__construct()
 2 SYSTEMPATH\CodeIgniter.php(490): CodeIgniter\CodeIgniter->createController()
 3 SYSTEMPATH\CodeIgniter.php(368): CodeIgniter\CodeIgniter->handleRequest(null, Object(Config\Cache), false)
 4 FCPATH\index.php(67): CodeIgniter\CodeIgniter->run()
WARNING - 2025-10-15 02:19:23 --> [DEPRECATED] Creation of dynamic property App\Controllers\Mahasiswa::$mdl is deprecated in APPPATH\Controllers\Mahasiswa.php on line 17.
 1 SYSTEMPATH\CodeIgniter.php(906): App\Controllers\Mahasiswa->__construct()
 2 SYSTEMPATH\CodeIgniter.php(490): CodeIgniter\CodeIgniter->createController()
 3 SYSTEMPATH\CodeIgniter.php(368): CodeIgniter\CodeIgniter->handleRequest(null, Object(Config\Cache), false)
 4 FCPATH\index.php(67): CodeIgniter\CodeIgniter->run()
WARNING - 2025-10-15 02:19:23 --> [DEPRECATED] Creation of dynamic property App\Controllers\Mahasiswa::$validation is deprecated in APPPATH\Controllers\Mahasiswa.php on line 18.
 1 SYSTEMPATH\CodeIgniter.php(906): App\Controllers\Mahasiswa->__construct()
 2 SYSTEMPATH\CodeIgniter.php(490): CodeIgniter\CodeIgniter->createController()
 3 SYSTEMPATH\CodeIgniter.php(368): CodeIgniter\CodeIgniter->handleRequest(null, Object(Config\Cache), false)
 4 FCPATH\index.php(67): CodeIgniter\CodeIgniter->run()
WARNING - 2025-10-15 02:19:23 --> [DEPRECATED] Creation of dynamic property App\Controllers\Mahasiswa::$mdl is deprecated in APPPATH\Controllers\Mahasiswa.php on line 17.
 1 SYSTEMPATH\CodeIgniter.php(906): App\Controllers\Mahasiswa->__construct()
 2 SYSTEMPATH\CodeIgniter.php(490): CodeIgniter\CodeIgniter->createController()
 3 SYSTEMPATH\CodeIgniter.php(368): CodeIgniter\CodeIgniter->handleRequest(null, Object(Config\Cache), false)
 4 FCPATH\index.php(67): CodeIgniter\CodeIgniter->run()
WARNING - 2025-10-15 02:19:23 --> [DEPRECATED] Creation of dynamic property App\Controllers\Mahasiswa::$validation is deprecated in APPPATH\Controllers\Mahasiswa.php on line 18.
 1 SYSTEMPATH\CodeIgniter.php(906): App\Controllers\Mahasiswa->__construct()
 2 SYSTEMPATH\CodeIgniter.php(490): CodeIgniter\CodeIgniter->createController()
 3 SYSTEMPATH\CodeIgniter.php(368): CodeIgniter\CodeIgniter->handleRequest(null, Object(Config\Cache), false)
 4 FCPATH\index.php(67): CodeIgniter\CodeIgniter->run()
WARNING - 2025-10-15 02:20:03 --> [DEPRECATED] Creation of dynamic property App\Controllers\Mahasiswa::$mdl is deprecated in APPPATH\Controllers\Mahasiswa.php on line 17.
 1 SYSTEMPATH\CodeIgniter.php(906): App\Controllers\Mahasiswa->__construct()
 2 SYSTEMPATH\CodeIgniter.php(490): CodeIgniter\CodeIgniter->createController()
 3 SYSTEMPATH\CodeIgniter.php(368): CodeIgniter\CodeIgniter->handleRequest(null, Object(Config\Cache), false)
 4 FCPATH\index.php(67): CodeIgniter\CodeIgniter->run()
WARNING - 2025-10-15 02:20:03 --> [DEPRECATED] Creation of dynamic property App\Controllers\Mahasiswa::$validation is deprecated in APPPATH\Controllers\Mahasiswa.php on line 18.
 1 SYSTEMPATH\CodeIgniter.php(906): App\Controllers\Mahasiswa->__construct()
 2 SYSTEMPATH\CodeIgniter.php(490): CodeIgniter\CodeIgniter->createController()
 3 SYSTEMPATH\CodeIgniter.php(368): CodeIgniter\CodeIgniter->handleRequest(null, Object(Config\Cache), false)
 4 FCPATH\index.php(67): CodeIgniter\CodeIgniter->run()
WARNING - 2025-10-15 02:20:03 --> [DEPRECATED] Creation of dynamic property App\Controllers\Mahasiswa::$mdl is deprecated in APPPATH\Controllers\Mahasiswa.php on line 17.
 1 SYSTEMPATH\CodeIgniter.php(906): App\Controllers\Mahasiswa->__construct()
 2 SYSTEMPATH\CodeIgniter.php(490): CodeIgniter\CodeIgniter->createController()
 3 SYSTEMPATH\CodeIgniter.php(368): CodeIgniter\CodeIgniter->handleRequest(null, Object(Config\Cache), false)
 4 FCPATH\index.php(67): CodeIgniter\CodeIgniter->run()
WARNING - 2025-10-15 02:20:03 --> [DEPRECATED] Creation of dynamic property App\Controllers\Mahasiswa::$validation is deprecated in APPPATH\Controllers\Mahasiswa.php on line 18.
 1 SYSTEMPATH\CodeIgniter.php(906): App\Controllers\Mahasiswa->__construct()
 2 SYSTEMPATH\CodeIgniter.php(490): CodeIgniter\CodeIgniter->createController()
 3 SYSTEMPATH\CodeIgniter.php(368): CodeIgniter\CodeIgniter->handleRequest(null, Object(Config\Cache), false)
 4 FCPATH\index.php(67): CodeIgniter\CodeIgniter->run()
WARNING - 2025-10-15 02:20:19 --> [DEPRECATED] Creation of dynamic property App\Controllers\Mahasiswa::$mdl is deprecated in APPPATH\Controllers\Mahasiswa.php on line 17.
 1 SYSTEMPATH\CodeIgniter.php(906): App\Controllers\Mahasiswa->__construct()
 2 SYSTEMPATH\CodeIgniter.php(490): CodeIgniter\CodeIgniter->createController()
 3 SYSTEMPATH\CodeIgniter.php(368): CodeIgniter\CodeIgniter->handleRequest(null, Object(Config\Cache), false)
 4 FCPATH\index.php(67): CodeIgniter\CodeIgniter->run()
WARNING - 2025-10-15 02:20:19 --> [DEPRECATED] Creation of dynamic property App\Controllers\Mahasiswa::$validation is deprecated in APPPATH\Controllers\Mahasiswa.php on line 18.
 1 SYSTEMPATH\CodeIgniter.php(906): App\Controllers\Mahasiswa->__construct()
 2 SYSTEMPATH\CodeIgniter.php(490): CodeIgniter\CodeIgniter->createController()
 3 SYSTEMPATH\CodeIgniter.php(368): CodeIgniter\CodeIgniter->handleRequest(null, Object(Config\Cache), false)
 4 FCPATH\index.php(67): CodeIgniter\CodeIgniter->run()
WARNING - 2025-10-15 02:20:19 --> [DEPRECATED] Creation of dynamic property App\Controllers\Mahasiswa::$mdl is deprecated in APPPATH\Controllers\Mahasiswa.php on line 17.
 1 SYSTEMPATH\CodeIgniter.php(906): App\Controllers\Mahasiswa->__construct()
 2 SYSTEMPATH\CodeIgniter.php(490): CodeIgniter\CodeIgniter->createController()
 3 SYSTEMPATH\CodeIgniter.php(368): CodeIgniter\CodeIgniter->handleRequest(null, Object(Config\Cache), false)
 4 FCPATH\index.php(67): CodeIgniter\CodeIgniter->run()
WARNING - 2025-10-15 02:20:19 --> [DEPRECATED] Creation of dynamic property App\Controllers\Mahasiswa::$validation is deprecated in APPPATH\Controllers\Mahasiswa.php on line 18.
 1 SYSTEMPATH\CodeIgniter.php(906): App\Controllers\Mahasiswa->__construct()
 2 SYSTEMPATH\CodeIgniter.php(490): CodeIgniter\CodeIgniter->createController()
 3 SYSTEMPATH\CodeIgniter.php(368): CodeIgniter\CodeIgniter->handleRequest(null, Object(Config\Cache), false)
 4 FCPATH\index.php(67): CodeIgniter\CodeIgniter->run()
WARNING - 2025-10-15 02:20:46 --> [DEPRECATED] Creation of dynamic property App\Controllers\Mahasiswa::$mdl is deprecated in APPPATH\Controllers\Mahasiswa.php on line 17.
 1 SYSTEMPATH\CodeIgniter.php(906): App\Controllers\Mahasiswa->__construct()
 2 SYSTEMPATH\CodeIgniter.php(490): CodeIgniter\CodeIgniter->createController()
 3 SYSTEMPATH\CodeIgniter.php(368): CodeIgniter\CodeIgniter->handleRequest(null, Object(Config\Cache), false)
 4 FCPATH\index.php(67): CodeIgniter\CodeIgniter->run()
WARNING - 2025-10-15 02:20:46 --> [DEPRECATED] Creation of dynamic property App\Controllers\Mahasiswa::$validation is deprecated in APPPATH\Controllers\Mahasiswa.php on line 18.
 1 SYSTEMPATH\CodeIgniter.php(906): App\Controllers\Mahasiswa->__construct()
 2 SYSTEMPATH\CodeIgniter.php(490): CodeIgniter\CodeIgniter->createController()
 3 SYSTEMPATH\CodeIgniter.php(368): CodeIgniter\CodeIgniter->handleRequest(null, Object(Config\Cache), false)
 4 FCPATH\index.php(67): CodeIgniter\CodeIgniter->run()
WARNING - 2025-10-15 02:20:46 --> [DEPRECATED] Creation of dynamic property App\Controllers\Mahasiswa::$mdl is deprecated in APPPATH\Controllers\Mahasiswa.php on line 17.
 1 SYSTEMPATH\CodeIgniter.php(906): App\Controllers\Mahasiswa->__construct()
 2 SYSTEMPATH\CodeIgniter.php(490): CodeIgniter\CodeIgniter->createController()
 3 SYSTEMPATH\CodeIgniter.php(368): CodeIgniter\CodeIgniter->handleRequest(null, Object(Config\Cache), false)
 4 FCPATH\index.php(67): CodeIgniter\CodeIgniter->run()
WARNING - 2025-10-15 02:20:46 --> [DEPRECATED] Creation of dynamic property App\Controllers\Mahasiswa::$validation is deprecated in APPPATH\Controllers\Mahasiswa.php on line 18.
 1 SYSTEMPATH\CodeIgniter.php(906): App\Controllers\Mahasiswa->__construct()
 2 SYSTEMPATH\CodeIgniter.php(490): CodeIgniter\CodeIgniter->createController()
 3 SYSTEMPATH\CodeIgniter.php(368): CodeIgniter\CodeIgniter->handleRequest(null, Object(Config\Cache), false)
 4 FCPATH\index.php(67): CodeIgniter\CodeIgniter->run()
WARNING - 2025-10-15 02:20:52 --> [DEPRECATED] Creation of dynamic property App\Controllers\Mahasiswa::$mdl is deprecated in APPPATH\Controllers\Mahasiswa.php on line 17.
 1 SYSTEMPATH\CodeIgniter.php(906): App\Controllers\Mahasiswa->__construct()
 2 SYSTEMPATH\CodeIgniter.php(490): CodeIgniter\CodeIgniter->createController()
 3 SYSTEMPATH\CodeIgniter.php(368): CodeIgniter\CodeIgniter->handleRequest(null, Object(Config\Cache), false)
 4 FCPATH\index.php(67): CodeIgniter\CodeIgniter->run()
WARNING - 2025-10-15 02:20:52 --> [DEPRECATED] Creation of dynamic property App\Controllers\Mahasiswa::$validation is deprecated in APPPATH\Controllers\Mahasiswa.php on line 18.
 1 SYSTEMPATH\CodeIgniter.php(906): App\Controllers\Mahasiswa->__construct()
 2 SYSTEMPATH\CodeIgniter.php(490): CodeIgniter\CodeIgniter->createController()
 3 SYSTEMPATH\CodeIgniter.php(368): CodeIgniter\CodeIgniter->handleRequest(null, Object(Config\Cache), false)
 4 FCPATH\index.php(67): CodeIgniter\CodeIgniter->run()
WARNING - 2025-10-15 02:23:36 --> [DEPRECATED] Creation of dynamic property App\Controllers\Mahasiswa::$mdl is deprecated in APPPATH\Controllers\Mahasiswa.php on line 17.
 1 SYSTEMPATH\CodeIgniter.php(906): App\Controllers\Mahasiswa->__construct()
 2 SYSTEMPATH\CodeIgniter.php(490): CodeIgniter\CodeIgniter->createController()
 3 SYSTEMPATH\CodeIgniter.php(368): CodeIgniter\CodeIgniter->handleRequest(null, Object(Config\Cache), false)
 4 FCPATH\index.php(67): CodeIgniter\CodeIgniter->run()
WARNING - 2025-10-15 02:23:36 --> [DEPRECATED] Creation of dynamic property App\Controllers\Mahasiswa::$validation is deprecated in APPPATH\Controllers\Mahasiswa.php on line 18.
 1 SYSTEMPATH\CodeIgniter.php(906): App\Controllers\Mahasiswa->__construct()
 2 SYSTEMPATH\CodeIgniter.php(490): CodeIgniter\CodeIgniter->createController()
 3 SYSTEMPATH\CodeIgniter.php(368): CodeIgniter\CodeIgniter->handleRequest(null, Object(Config\Cache), false)
 4 FCPATH\index.php(67): CodeIgniter\CodeIgniter->run()
WARNING - 2025-10-15 02:23:57 --> [DEPRECATED] Creation of dynamic property App\Controllers\Mahasiswa::$mdl is deprecated in APPPATH\Controllers\Mahasiswa.php on line 17.
 1 SYSTEMPATH\CodeIgniter.php(906): App\Controllers\Mahasiswa->__construct()
 2 SYSTEMPATH\CodeIgniter.php(490): CodeIgniter\CodeIgniter->createController()
 3 SYSTEMPATH\CodeIgniter.php(368): CodeIgniter\CodeIgniter->handleRequest(null, Object(Config\Cache), false)
 4 FCPATH\index.php(67): CodeIgniter\CodeIgniter->run()
WARNING - 2025-10-15 02:23:57 --> [DEPRECATED] Creation of dynamic property App\Controllers\Mahasiswa::$validation is deprecated in APPPATH\Controllers\Mahasiswa.php on line 18.
 1 SYSTEMPATH\CodeIgniter.php(906): App\Controllers\Mahasiswa->__construct()
 2 SYSTEMPATH\CodeIgniter.php(490): CodeIgniter\CodeIgniter->createController()
 3 SYSTEMPATH\CodeIgniter.php(368): CodeIgniter\CodeIgniter->handleRequest(null, Object(Config\Cache), false)
 4 FCPATH\index.php(67): CodeIgniter\CodeIgniter->run()
WARNING - 2025-10-15 02:23:57 --> [DEPRECATED] Creation of dynamic property App\Controllers\Mahasiswa::$mdl is deprecated in APPPATH\Controllers\Mahasiswa.php on line 17.
 1 SYSTEMPATH\CodeIgniter.php(906): App\Controllers\Mahasiswa->__construct()
 2 SYSTEMPATH\CodeIgniter.php(490): CodeIgniter\CodeIgniter->createController()
 3 SYSTEMPATH\CodeIgniter.php(368): CodeIgniter\CodeIgniter->handleRequest(null, Object(Config\Cache), false)
 4 FCPATH\index.php(67): CodeIgniter\CodeIgniter->run()
WARNING - 2025-10-15 02:23:57 --> [DEPRECATED] Creation of dynamic property App\Controllers\Mahasiswa::$validation is deprecated in APPPATH\Controllers\Mahasiswa.php on line 18.
 1 SYSTEMPATH\CodeIgniter.php(906): App\Controllers\Mahasiswa->__construct()
 2 SYSTEMPATH\CodeIgniter.php(490): CodeIgniter\CodeIgniter->createController()
 3 SYSTEMPATH\CodeIgniter.php(368): CodeIgniter\CodeIgniter->handleRequest(null, Object(Config\Cache), false)
 4 FCPATH\index.php(67): CodeIgniter\CodeIgniter->run()
WARNING - 2025-10-15 02:24:06 --> [DEPRECATED] Creation of dynamic property App\Controllers\Mahasiswa::$mdl is deprecated in APPPATH\Controllers\Mahasiswa.php on line 17.
 1 SYSTEMPATH\CodeIgniter.php(906): App\Controllers\Mahasiswa->__construct()
 2 SYSTEMPATH\CodeIgniter.php(490): CodeIgniter\CodeIgniter->createController()
 3 SYSTEMPATH\CodeIgniter.php(368): CodeIgniter\CodeIgniter->handleRequest(null, Object(Config\Cache), false)
 4 FCPATH\index.php(67): CodeIgniter\CodeIgniter->run()
WARNING - 2025-10-15 02:24:06 --> [DEPRECATED] Creation of dynamic property App\Controllers\Mahasiswa::$validation is deprecated in APPPATH\Controllers\Mahasiswa.php on line 18.
 1 SYSTEMPATH\CodeIgniter.php(906): App\Controllers\Mahasiswa->__construct()
 2 SYSTEMPATH\CodeIgniter.php(490): CodeIgniter\CodeIgniter->createController()
 3 SYSTEMPATH\CodeIgniter.php(368): CodeIgniter\CodeIgniter->handleRequest(null, Object(Config\Cache), false)
 4 FCPATH\index.php(67): CodeIgniter\CodeIgniter->run()
WARNING - 2025-10-15 02:24:29 --> [DEPRECATED] Creation of dynamic property App\Controllers\Mahasiswa::$mdl is deprecated in APPPATH\Controllers\Mahasiswa.php on line 17.
 1 SYSTEMPATH\CodeIgniter.php(906): App\Controllers\Mahasiswa->__construct()
 2 SYSTEMPATH\CodeIgniter.php(490): CodeIgniter\CodeIgniter->createController()
 3 SYSTEMPATH\CodeIgniter.php(368): CodeIgniter\CodeIgniter->handleRequest(null, Object(Config\Cache), false)
 4 FCPATH\index.php(67): CodeIgniter\CodeIgniter->run()
WARNING - 2025-10-15 02:24:29 --> [DEPRECATED] Creation of dynamic property App\Controllers\Mahasiswa::$validation is deprecated in APPPATH\Controllers\Mahasiswa.php on line 18.
 1 SYSTEMPATH\CodeIgniter.php(906): App\Controllers\Mahasiswa->__construct()
 2 SYSTEMPATH\CodeIgniter.php(490): CodeIgniter\CodeIgniter->createController()
 3 SYSTEMPATH\CodeIgniter.php(368): CodeIgniter\CodeIgniter->handleRequest(null, Object(Config\Cache), false)
 4 FCPATH\index.php(67): CodeIgniter\CodeIgniter->run()
WARNING - 2025-10-15 02:24:29 --> [DEPRECATED] Creation of dynamic property App\Controllers\Mahasiswa::$mdl is deprecated in APPPATH\Controllers\Mahasiswa.php on line 17.
 1 SYSTEMPATH\CodeIgniter.php(906): App\Controllers\Mahasiswa->__construct()
 2 SYSTEMPATH\CodeIgniter.php(490): CodeIgniter\CodeIgniter->createController()
 3 SYSTEMPATH\CodeIgniter.php(368): CodeIgniter\CodeIgniter->handleRequest(null, Object(Config\Cache), false)
 4 FCPATH\index.php(67): CodeIgniter\CodeIgniter->run()
WARNING - 2025-10-15 02:24:29 --> [DEPRECATED] Creation of dynamic property App\Controllers\Mahasiswa::$validation is deprecated in APPPATH\Controllers\Mahasiswa.php on line 18.
 1 SYSTEMPATH\CodeIgniter.php(906): App\Controllers\Mahasiswa->__construct()
 2 SYSTEMPATH\CodeIgniter.php(490): CodeIgniter\CodeIgniter->createController()
 3 SYSTEMPATH\CodeIgniter.php(368): CodeIgniter\CodeIgniter->handleRequest(null, Object(Config\Cache), false)
 4 FCPATH\index.php(67): CodeIgniter\CodeIgniter->run()
WARNING - 2025-10-15 02:24:51 --> [DEPRECATED] Creation of dynamic property App\Controllers\Mahasiswa::$mdl is deprecated in APPPATH\Controllers\Mahasiswa.php on line 17.
 1 SYSTEMPATH\CodeIgniter.php(906): App\Controllers\Mahasiswa->__construct()
 2 SYSTEMPATH\CodeIgniter.php(490): CodeIgniter\CodeIgniter->createController()
 3 SYSTEMPATH\CodeIgniter.php(368): CodeIgniter\CodeIgniter->handleRequest(null, Object(Config\Cache), false)
 4 FCPATH\index.php(67): CodeIgniter\CodeIgniter->run()
WARNING - 2025-10-15 02:24:51 --> [DEPRECATED] Creation of dynamic property App\Controllers\Mahasiswa::$validation is deprecated in APPPATH\Controllers\Mahasiswa.php on line 18.
 1 SYSTEMPATH\CodeIgniter.php(906): App\Controllers\Mahasiswa->__construct()
 2 SYSTEMPATH\CodeIgniter.php(490): CodeIgniter\CodeIgniter->createController()
 3 SYSTEMPATH\CodeIgniter.php(368): CodeIgniter\CodeIgniter->handleRequest(null, Object(Config\Cache), false)
 4 FCPATH\index.php(67): CodeIgniter\CodeIgniter->run()
WARNING - 2025-10-15 02:24:51 --> [DEPRECATED] Creation of dynamic property App\Controllers\Mahasiswa::$mdl is deprecated in APPPATH\Controllers\Mahasiswa.php on line 17.
 1 SYSTEMPATH\CodeIgniter.php(906): App\Controllers\Mahasiswa->__construct()
 2 SYSTEMPATH\CodeIgniter.php(490): CodeIgniter\CodeIgniter->createController()
 3 SYSTEMPATH\CodeIgniter.php(368): CodeIgniter\CodeIgniter->handleRequest(null, Object(Config\Cache), false)
 4 FCPATH\index.php(67): CodeIgniter\CodeIgniter->run()
WARNING - 2025-10-15 02:24:51 --> [DEPRECATED] Creation of dynamic property App\Controllers\Mahasiswa::$validation is deprecated in APPPATH\Controllers\Mahasiswa.php on line 18.
 1 SYSTEMPATH\CodeIgniter.php(906): App\Controllers\Mahasiswa->__construct()
 2 SYSTEMPATH\CodeIgniter.php(490): CodeIgniter\CodeIgniter->createController()
 3 SYSTEMPATH\CodeIgniter.php(368): CodeIgniter\CodeIgniter->handleRequest(null, Object(Config\Cache), false)
 4 FCPATH\index.php(67): CodeIgniter\CodeIgniter->run()
WARNING - 2025-10-15 02:25:00 --> [DEPRECATED] Creation of dynamic property App\Controllers\Mahasiswa::$mdl is deprecated in APPPATH\Controllers\Mahasiswa.php on line 17.
 1 SYSTEMPATH\CodeIgniter.php(906): App\Controllers\Mahasiswa->__construct()
 2 SYSTEMPATH\CodeIgniter.php(490): CodeIgniter\CodeIgniter->createController()
 3 SYSTEMPATH\CodeIgniter.php(368): CodeIgniter\CodeIgniter->handleRequest(null, Object(Config\Cache), false)
 4 FCPATH\index.php(67): CodeIgniter\CodeIgniter->run()
WARNING - 2025-10-15 02:25:00 --> [DEPRECATED] Creation of dynamic property App\Controllers\Mahasiswa::$validation is deprecated in APPPATH\Controllers\Mahasiswa.php on line 18.
 1 SYSTEMPATH\CodeIgniter.php(906): App\Controllers\Mahasiswa->__construct()
 2 SYSTEMPATH\CodeIgniter.php(490): CodeIgniter\CodeIgniter->createController()
 3 SYSTEMPATH\CodeIgniter.php(368): CodeIgniter\CodeIgniter->handleRequest(null, Object(Config\Cache), false)
 4 FCPATH\index.php(67): CodeIgniter\CodeIgniter->run()
WARNING - 2025-10-15 02:25:00 --> [DEPRECATED] Creation of dynamic property App\Controllers\Mahasiswa::$mdl is deprecated in APPPATH\Controllers\Mahasiswa.php on line 17.
 1 SYSTEMPATH\CodeIgniter.php(906): App\Controllers\Mahasiswa->__construct()
 2 SYSTEMPATH\CodeIgniter.php(490): CodeIgniter\CodeIgniter->createController()
 3 SYSTEMPATH\CodeIgniter.php(368): CodeIgniter\CodeIgniter->handleRequest(null, Object(Config\Cache), false)
 4 FCPATH\index.php(67): CodeIgniter\CodeIgniter->run()
WARNING - 2025-10-15 02:25:00 --> [DEPRECATED] Creation of dynamic property App\Controllers\Mahasiswa::$validation is deprecated in APPPATH\Controllers\Mahasiswa.php on line 18.
 1 SYSTEMPATH\CodeIgniter.php(906): App\Controllers\Mahasiswa->__construct()
 2 SYSTEMPATH\CodeIgniter.php(490): CodeIgniter\CodeIgniter->createController()
 3 SYSTEMPATH\CodeIgniter.php(368): CodeIgniter\CodeIgniter->handleRequest(null, Object(Config\Cache), false)
 4 FCPATH\index.php(67): CodeIgniter\CodeIgniter->run()
WARNING - 2025-10-15 02:25:07 --> [DEPRECATED] Creation of dynamic property App\Controllers\Mahasiswa::$mdl is deprecated in APPPATH\Controllers\Mahasiswa.php on line 17.
 1 SYSTEMPATH\CodeIgniter.php(906): App\Controllers\Mahasiswa->__construct()
 2 SYSTEMPATH\CodeIgniter.php(490): CodeIgniter\CodeIgniter->createController()
 3 SYSTEMPATH\CodeIgniter.php(368): CodeIgniter\CodeIgniter->handleRequest(null, Object(Config\Cache), false)
 4 FCPATH\index.php(67): CodeIgniter\CodeIgniter->run()
WARNING - 2025-10-15 02:25:07 --> [DEPRECATED] Creation of dynamic property App\Controllers\Mahasiswa::$validation is deprecated in APPPATH\Controllers\Mahasiswa.php on line 18.
 1 SYSTEMPATH\CodeIgniter.php(906): App\Controllers\Mahasiswa->__construct()
 2 SYSTEMPATH\CodeIgniter.php(490): CodeIgniter\CodeIgniter->createController()
 3 SYSTEMPATH\CodeIgniter.php(368): CodeIgniter\CodeIgniter->handleRequest(null, Object(Config\Cache), false)
 4 FCPATH\index.php(67): CodeIgniter\CodeIgniter->run()
WARNING - 2025-10-15 02:25:07 --> [DEPRECATED] Creation of dynamic property App\Controllers\Mahasiswa::$mdl is deprecated in APPPATH\Controllers\Mahasiswa.php on line 17.
 1 SYSTEMPATH\CodeIgniter.php(906): App\Controllers\Mahasiswa->__construct()
 2 SYSTEMPATH\CodeIgniter.php(490): CodeIgniter\CodeIgniter->createController()
 3 SYSTEMPATH\CodeIgniter.php(368): CodeIgniter\CodeIgniter->handleRequest(null, Object(Config\Cache), false)
 4 FCPATH\index.php(67): CodeIgniter\CodeIgniter->run()
WARNING - 2025-10-15 02:25:07 --> [DEPRECATED] Creation of dynamic property App\Controllers\Mahasiswa::$validation is deprecated in APPPATH\Controllers\Mahasiswa.php on line 18.
 1 SYSTEMPATH\CodeIgniter.php(906): App\Controllers\Mahasiswa->__construct()
 2 SYSTEMPATH\CodeIgniter.php(490): CodeIgniter\CodeIgniter->createController()
 3 SYSTEMPATH\CodeIgniter.php(368): CodeIgniter\CodeIgniter->handleRequest(null, Object(Config\Cache), false)
 4 FCPATH\index.php(67): CodeIgniter\CodeIgniter->run()
WARNING - 2025-10-15 02:25:17 --> [DEPRECATED] Creation of dynamic property App\Controllers\Mahasiswa::$mdl is deprecated in APPPATH\Controllers\Mahasiswa.php on line 17.
 1 SYSTEMPATH\CodeIgniter.php(906): App\Controllers\Mahasiswa->__construct()
 2 SYSTEMPATH\CodeIgniter.php(490): CodeIgniter\CodeIgniter->createController()
 3 SYSTEMPATH\CodeIgniter.php(368): CodeIgniter\CodeIgniter->handleRequest(null, Object(Config\Cache), false)
 4 FCPATH\index.php(67): CodeIgniter\CodeIgniter->run()
WARNING - 2025-10-15 02:25:17 --> [DEPRECATED] Creation of dynamic property App\Controllers\Mahasiswa::$validation is deprecated in APPPATH\Controllers\Mahasiswa.php on line 18.
 1 SYSTEMPATH\CodeIgniter.php(906): App\Controllers\Mahasiswa->__construct()
 2 SYSTEMPATH\CodeIgniter.php(490): CodeIgniter\CodeIgniter->createController()
 3 SYSTEMPATH\CodeIgniter.php(368): CodeIgniter\CodeIgniter->handleRequest(null, Object(Config\Cache), false)
 4 FCPATH\index.php(67): CodeIgniter\CodeIgniter->run()
WARNING - 2025-10-15 02:25:17 --> [DEPRECATED] Creation of dynamic property App\Controllers\Mahasiswa::$mdl is deprecated in APPPATH\Controllers\Mahasiswa.php on line 17.
 1 SYSTEMPATH\CodeIgniter.php(906): App\Controllers\Mahasiswa->__construct()
 2 SYSTEMPATH\CodeIgniter.php(490): CodeIgniter\CodeIgniter->createController()
 3 SYSTEMPATH\CodeIgniter.php(368): CodeIgniter\CodeIgniter->handleRequest(null, Object(Config\Cache), false)
 4 FCPATH\index.php(67): CodeIgniter\CodeIgniter->run()
WARNING - 2025-10-15 02:25:17 --> [DEPRECATED] Creation of dynamic property App\Controllers\Mahasiswa::$validation is deprecated in APPPATH\Controllers\Mahasiswa.php on line 18.
 1 SYSTEMPATH\CodeIgniter.php(906): App\Controllers\Mahasiswa->__construct()
 2 SYSTEMPATH\CodeIgniter.php(490): CodeIgniter\CodeIgniter->createController()
 3 SYSTEMPATH\CodeIgniter.php(368): CodeIgniter\CodeIgniter->handleRequest(null, Object(Config\Cache), false)
 4 FCPATH\index.php(67): CodeIgniter\CodeIgniter->run()
WARNING - 2025-10-15 02:25:32 --> [DEPRECATED] Creation of dynamic property App\Controllers\Mahasiswa::$mdl is deprecated in APPPATH\Controllers\Mahasiswa.php on line 17.
 1 SYSTEMPATH\CodeIgniter.php(906): App\Controllers\Mahasiswa->__construct()
 2 SYSTEMPATH\CodeIgniter.php(490): CodeIgniter\CodeIgniter->createController()
 3 SYSTEMPATH\CodeIgniter.php(368): CodeIgniter\CodeIgniter->handleRequest(null, Object(Config\Cache), false)
 4 FCPATH\index.php(67): CodeIgniter\CodeIgniter->run()
WARNING - 2025-10-15 02:25:32 --> [DEPRECATED] Creation of dynamic property App\Controllers\Mahasiswa::$validation is deprecated in APPPATH\Controllers\Mahasiswa.php on line 18.
 1 SYSTEMPATH\CodeIgniter.php(906): App\Controllers\Mahasiswa->__construct()
 2 SYSTEMPATH\CodeIgniter.php(490): CodeIgniter\CodeIgniter->createController()
 3 SYSTEMPATH\CodeIgniter.php(368): CodeIgniter\CodeIgniter->handleRequest(null, Object(Config\Cache), false)
 4 FCPATH\index.php(67): CodeIgniter\CodeIgniter->run()
WARNING - 2025-10-15 02:25:32 --> [DEPRECATED] Creation of dynamic property App\Controllers\Mahasiswa::$mdl is deprecated in APPPATH\Controllers\Mahasiswa.php on line 17.
 1 SYSTEMPATH\CodeIgniter.php(906): App\Controllers\Mahasiswa->__construct()
 2 SYSTEMPATH\CodeIgniter.php(490): CodeIgniter\CodeIgniter->createController()
 3 SYSTEMPATH\CodeIgniter.php(368): CodeIgniter\CodeIgniter->handleRequest(null, Object(Config\Cache), false)
 4 FCPATH\index.php(67): CodeIgniter\CodeIgniter->run()
WARNING - 2025-10-15 02:25:32 --> [DEPRECATED] Creation of dynamic property App\Controllers\Mahasiswa::$validation is deprecated in APPPATH\Controllers\Mahasiswa.php on line 18.
 1 SYSTEMPATH\CodeIgniter.php(906): App\Controllers\Mahasiswa->__construct()
 2 SYSTEMPATH\CodeIgniter.php(490): CodeIgniter\CodeIgniter->createController()
 3 SYSTEMPATH\CodeIgniter.php(368): CodeIgniter\CodeIgniter->handleRequest(null, Object(Config\Cache), false)
 4 FCPATH\index.php(67): CodeIgniter\CodeIgniter->run()
WARNING - 2025-10-15 02:25:43 --> [DEPRECATED] Creation of dynamic property App\Controllers\Mahasiswa::$mdl is deprecated in APPPATH\Controllers\Mahasiswa.php on line 17.
 1 SYSTEMPATH\CodeIgniter.php(906): App\Controllers\Mahasiswa->__construct()
 2 SYSTEMPATH\CodeIgniter.php(490): CodeIgniter\CodeIgniter->createController()
 3 SYSTEMPATH\CodeIgniter.php(368): CodeIgniter\CodeIgniter->handleRequest(null, Object(Config\Cache), false)
 4 FCPATH\index.php(67): CodeIgniter\CodeIgniter->run()
WARNING - 2025-10-15 02:25:43 --> [DEPRECATED] Creation of dynamic property App\Controllers\Mahasiswa::$validation is deprecated in APPPATH\Controllers\Mahasiswa.php on line 18.
 1 SYSTEMPATH\CodeIgniter.php(906): App\Controllers\Mahasiswa->__construct()
 2 SYSTEMPATH\CodeIgniter.php(490): CodeIgniter\CodeIgniter->createController()
 3 SYSTEMPATH\CodeIgniter.php(368): CodeIgniter\CodeIgniter->handleRequest(null, Object(Config\Cache), false)
 4 FCPATH\index.php(67): CodeIgniter\CodeIgniter->run()
WARNING - 2025-10-15 02:25:43 --> [DEPRECATED] Creation of dynamic property App\Controllers\Mahasiswa::$mdl is deprecated in APPPATH\Controllers\Mahasiswa.php on line 17.
 1 SYSTEMPATH\CodeIgniter.php(906): App\Controllers\Mahasiswa->__construct()
 2 SYSTEMPATH\CodeIgniter.php(490): CodeIgniter\CodeIgniter->createController()
 3 SYSTEMPATH\CodeIgniter.php(368): CodeIgniter\CodeIgniter->handleRequest(null, Object(Config\Cache), false)
 4 FCPATH\index.php(67): CodeIgniter\CodeIgniter->run()
WARNING - 2025-10-15 02:25:43 --> [DEPRECATED] Creation of dynamic property App\Controllers\Mahasiswa::$validation is deprecated in APPPATH\Controllers\Mahasiswa.php on line 18.
 1 SYSTEMPATH\CodeIgniter.php(906): App\Controllers\Mahasiswa->__construct()
 2 SYSTEMPATH\CodeIgniter.php(490): CodeIgniter\CodeIgniter->createController()
 3 SYSTEMPATH\CodeIgniter.php(368): CodeIgniter\CodeIgniter->handleRequest(null, Object(Config\Cache), false)
 4 FCPATH\index.php(67): CodeIgniter\CodeIgniter->run()
WARNING - 2025-10-15 02:32:38 --> [DEPRECATED] Creation of dynamic property App\Controllers\Mahasiswa::$mdl is deprecated in APPPATH\Controllers\Mahasiswa.php on line 17.
 1 SYSTEMPATH\CodeIgniter.php(906): App\Controllers\Mahasiswa->__construct()
 2 SYSTEMPATH\CodeIgniter.php(490): CodeIgniter\CodeIgniter->createController()
 3 SYSTEMPATH\CodeIgniter.php(368): CodeIgniter\CodeIgniter->handleRequest(null, Object(Config\Cache), false)
 4 FCPATH\index.php(67): CodeIgniter\CodeIgniter->run()
WARNING - 2025-10-15 02:32:38 --> [DEPRECATED] Creation of dynamic property App\Controllers\Mahasiswa::$validation is deprecated in APPPATH\Controllers\Mahasiswa.php on line 18.
 1 SYSTEMPATH\CodeIgniter.php(906): App\Controllers\Mahasiswa->__construct()
 2 SYSTEMPATH\CodeIgniter.php(490): CodeIgniter\CodeIgniter->createController()
 3 SYSTEMPATH\CodeIgniter.php(368): CodeIgniter\CodeIgniter->handleRequest(null, Object(Config\Cache), false)
 4 FCPATH\index.php(67): CodeIgniter\CodeIgniter->run()
WARNING - 2025-10-15 02:32:49 --> [DEPRECATED] Creation of dynamic property App\Controllers\Mahasiswa::$mdl is deprecated in APPPATH\Controllers\Mahasiswa.php on line 17.
 1 SYSTEMPATH\CodeIgniter.php(906): App\Controllers\Mahasiswa->__construct()
 2 SYSTEMPATH\CodeIgniter.php(490): CodeIgniter\CodeIgniter->createController()
 3 SYSTEMPATH\CodeIgniter.php(368): CodeIgniter\CodeIgniter->handleRequest(null, Object(Config\Cache), false)
 4 FCPATH\index.php(67): CodeIgniter\CodeIgniter->run()
WARNING - 2025-10-15 02:32:49 --> [DEPRECATED] Creation of dynamic property App\Controllers\Mahasiswa::$validation is deprecated in APPPATH\Controllers\Mahasiswa.php on line 18.
 1 SYSTEMPATH\CodeIgniter.php(906): App\Controllers\Mahasiswa->__construct()
 2 SYSTEMPATH\CodeIgniter.php(490): CodeIgniter\CodeIgniter->createController()
 3 SYSTEMPATH\CodeIgniter.php(368): CodeIgniter\CodeIgniter->handleRequest(null, Object(Config\Cache), false)
 4 FCPATH\index.php(67): CodeIgniter\CodeIgniter->run()
WARNING - 2025-10-15 02:32:49 --> [DEPRECATED] Creation of dynamic property App\Controllers\Mahasiswa::$mdl is deprecated in APPPATH\Controllers\Mahasiswa.php on line 17.
 1 SYSTEMPATH\CodeIgniter.php(906): App\Controllers\Mahasiswa->__construct()
 2 SYSTEMPATH\CodeIgniter.php(490): CodeIgniter\CodeIgniter->createController()
 3 SYSTEMPATH\CodeIgniter.php(368): CodeIgniter\CodeIgniter->handleRequest(null, Object(Config\Cache), false)
 4 FCPATH\index.php(67): CodeIgniter\CodeIgniter->run()
WARNING - 2025-10-15 02:32:49 --> [DEPRECATED] Creation of dynamic property App\Controllers\Mahasiswa::$validation is deprecated in APPPATH\Controllers\Mahasiswa.php on line 18.
 1 SYSTEMPATH\CodeIgniter.php(906): App\Controllers\Mahasiswa->__construct()
 2 SYSTEMPATH\CodeIgniter.php(490): CodeIgniter\CodeIgniter->createController()
 3 SYSTEMPATH\CodeIgniter.php(368): CodeIgniter\CodeIgniter->handleRequest(null, Object(Config\Cache), false)
 4 FCPATH\index.php(67): CodeIgniter\CodeIgniter->run()
WARNING - 2025-10-15 02:32:59 --> [DEPRECATED] Creation of dynamic property App\Controllers\Mahasiswa::$mdl is deprecated in APPPATH\Controllers\Mahasiswa.php on line 17.
 1 SYSTEMPATH\CodeIgniter.php(906): App\Controllers\Mahasiswa->__construct()
 2 SYSTEMPATH\CodeIgniter.php(490): CodeIgniter\CodeIgniter->createController()
 3 SYSTEMPATH\CodeIgniter.php(368): CodeIgniter\CodeIgniter->handleRequest(null, Object(Config\Cache), false)
 4 FCPATH\index.php(67): CodeIgniter\CodeIgniter->run()
WARNING - 2025-10-15 02:32:59 --> [DEPRECATED] Creation of dynamic property App\Controllers\Mahasiswa::$validation is deprecated in APPPATH\Controllers\Mahasiswa.php on line 18.
 1 SYSTEMPATH\CodeIgniter.php(906): App\Controllers\Mahasiswa->__construct()
 2 SYSTEMPATH\CodeIgniter.php(490): CodeIgniter\CodeIgniter->createController()
 3 SYSTEMPATH\CodeIgniter.php(368): CodeIgniter\CodeIgniter->handleRequest(null, Object(Config\Cache), false)
 4 FCPATH\index.php(67): CodeIgniter\CodeIgniter->run()
WARNING - 2025-10-15 02:33:00 --> [DEPRECATED] Creation of dynamic property App\Controllers\Mahasiswa::$mdl is deprecated in APPPATH\Controllers\Mahasiswa.php on line 17.
 1 SYSTEMPATH\CodeIgniter.php(906): App\Controllers\Mahasiswa->__construct()
 2 SYSTEMPATH\CodeIgniter.php(490): CodeIgniter\CodeIgniter->createController()
 3 SYSTEMPATH\CodeIgniter.php(368): CodeIgniter\CodeIgniter->handleRequest(null, Object(Config\Cache), false)
 4 FCPATH\index.php(67): CodeIgniter\CodeIgniter->run()
WARNING - 2025-10-15 02:33:00 --> [DEPRECATED] Creation of dynamic property App\Controllers\Mahasiswa::$validation is deprecated in APPPATH\Controllers\Mahasiswa.php on line 18.
 1 SYSTEMPATH\CodeIgniter.php(906): App\Controllers\Mahasiswa->__construct()
 2 SYSTEMPATH\CodeIgniter.php(490): CodeIgniter\CodeIgniter->createController()
 3 SYSTEMPATH\CodeIgniter.php(368): CodeIgniter\CodeIgniter->handleRequest(null, Object(Config\Cache), false)
 4 FCPATH\index.php(67): CodeIgniter\CodeIgniter->run()
WARNING - 2025-10-15 02:34:20 --> [DEPRECATED] Creation of dynamic property App\Controllers\Mahasiswa::$mdl is deprecated in APPPATH\Controllers\Mahasiswa.php on line 17.
 1 SYSTEMPATH\CodeIgniter.php(906): App\Controllers\Mahasiswa->__construct()
 2 SYSTEMPATH\CodeIgniter.php(490): CodeIgniter\CodeIgniter->createController()
 3 SYSTEMPATH\CodeIgniter.php(368): CodeIgniter\CodeIgniter->handleRequest(null, Object(Config\Cache), false)
 4 FCPATH\index.php(67): CodeIgniter\CodeIgniter->run()
WARNING - 2025-10-15 02:34:20 --> [DEPRECATED] Creation of dynamic property App\Controllers\Mahasiswa::$validation is deprecated in APPPATH\Controllers\Mahasiswa.php on line 18.
 1 SYSTEMPATH\CodeIgniter.php(906): App\Controllers\Mahasiswa->__construct()
 2 SYSTEMPATH\CodeIgniter.php(490): CodeIgniter\CodeIgniter->createController()
 3 SYSTEMPATH\CodeIgniter.php(368): CodeIgniter\CodeIgniter->handleRequest(null, Object(Config\Cache), false)
 4 FCPATH\index.php(67): CodeIgniter\CodeIgniter->run()
WARNING - 2025-10-15 02:34:20 --> [DEPRECATED] Creation of dynamic property App\Controllers\Mahasiswa::$mdl is deprecated in APPPATH\Controllers\Mahasiswa.php on line 17.
 1 SYSTEMPATH\CodeIgniter.php(906): App\Controllers\Mahasiswa->__construct()
 2 SYSTEMPATH\CodeIgniter.php(490): CodeIgniter\CodeIgniter->createController()
 3 SYSTEMPATH\CodeIgniter.php(368): CodeIgniter\CodeIgniter->handleRequest(null, Object(Config\Cache), false)
 4 FCPATH\index.php(67): CodeIgniter\CodeIgniter->run()
WARNING - 2025-10-15 02:34:20 --> [DEPRECATED] Creation of dynamic property App\Controllers\Mahasiswa::$validation is deprecated in APPPATH\Controllers\Mahasiswa.php on line 18.
 1 SYSTEMPATH\CodeIgniter.php(906): App\Controllers\Mahasiswa->__construct()
 2 SYSTEMPATH\CodeIgniter.php(490): CodeIgniter\CodeIgniter->createController()
 3 SYSTEMPATH\CodeIgniter.php(368): CodeIgniter\CodeIgniter->handleRequest(null, Object(Config\Cache), false)
 4 FCPATH\index.php(67): CodeIgniter\CodeIgniter->run()
WARNING - 2025-10-15 02:43:37 --> [DEPRECATED] Creation of dynamic property App\Controllers\Mahasiswa::$mdl is deprecated in APPPATH\Controllers\Mahasiswa.php on line 17.
 1 SYSTEMPATH\CodeIgniter.php(906): App\Controllers\Mahasiswa->__construct()
 2 SYSTEMPATH\CodeIgniter.php(490): CodeIgniter\CodeIgniter->createController()
 3 SYSTEMPATH\CodeIgniter.php(368): CodeIgniter\CodeIgniter->handleRequest(null, Object(Config\Cache), false)
 4 FCPATH\index.php(67): CodeIgniter\CodeIgniter->run()
WARNING - 2025-10-15 02:43:37 --> [DEPRECATED] Creation of dynamic property App\Controllers\Mahasiswa::$validation is deprecated in APPPATH\Controllers\Mahasiswa.php on line 18.
 1 SYSTEMPATH\CodeIgniter.php(906): App\Controllers\Mahasiswa->__construct()
 2 SYSTEMPATH\CodeIgniter.php(490): CodeIgniter\CodeIgniter->createController()
 3 SYSTEMPATH\CodeIgniter.php(368): CodeIgniter\CodeIgniter->handleRequest(null, Object(Config\Cache), false)
 4 FCPATH\index.php(67): CodeIgniter\CodeIgniter->run()
WARNING - 2025-10-15 02:43:50 --> [DEPRECATED] Creation of dynamic property App\Controllers\Mahasiswa::$mdl is deprecated in APPPATH\Controllers\Mahasiswa.php on line 17.
 1 SYSTEMPATH\CodeIgniter.php(906): App\Controllers\Mahasiswa->__construct()
 2 SYSTEMPATH\CodeIgniter.php(490): CodeIgniter\CodeIgniter->createController()
 3 SYSTEMPATH\CodeIgniter.php(368): CodeIgniter\CodeIgniter->handleRequest(null, Object(Config\Cache), false)
 4 FCPATH\index.php(67): CodeIgniter\CodeIgniter->run()
WARNING - 2025-10-15 02:43:50 --> [DEPRECATED] Creation of dynamic property App\Controllers\Mahasiswa::$validation is deprecated in APPPATH\Controllers\Mahasiswa.php on line 18.
 1 SYSTEMPATH\CodeIgniter.php(906): App\Controllers\Mahasiswa->__construct()
 2 SYSTEMPATH\CodeIgniter.php(490): CodeIgniter\CodeIgniter->createController()
 3 SYSTEMPATH\CodeIgniter.php(368): CodeIgniter\CodeIgniter->handleRequest(null, Object(Config\Cache), false)
 4 FCPATH\index.php(67): CodeIgniter\CodeIgniter->run()
WARNING - 2025-10-15 02:43:50 --> [DEPRECATED] Creation of dynamic property App\Controllers\Mahasiswa::$mdl is deprecated in APPPATH\Controllers\Mahasiswa.php on line 17.
 1 SYSTEMPATH\CodeIgniter.php(906): App\Controllers\Mahasiswa->__construct()
 2 SYSTEMPATH\CodeIgniter.php(490): CodeIgniter\CodeIgniter->createController()
 3 SYSTEMPATH\CodeIgniter.php(368): CodeIgniter\CodeIgniter->handleRequest(null, Object(Config\Cache), false)
 4 FCPATH\index.php(67): CodeIgniter\CodeIgniter->run()
WARNING - 2025-10-15 02:43:50 --> [DEPRECATED] Creation of dynamic property App\Controllers\Mahasiswa::$validation is deprecated in APPPATH\Controllers\Mahasiswa.php on line 18.
 1 SYSTEMPATH\CodeIgniter.php(906): App\Controllers\Mahasiswa->__construct()
 2 SYSTEMPATH\CodeIgniter.php(490): CodeIgniter\CodeIgniter->createController()
 3 SYSTEMPATH\CodeIgniter.php(368): CodeIgniter\CodeIgniter->handleRequest(null, Object(Config\Cache), false)
 4 FCPATH\index.php(67): CodeIgniter\CodeIgniter->run()
WARNING - 2025-10-15 02:44:13 --> [DEPRECATED] Creation of dynamic property App\Controllers\Mahasiswa::$mdl is deprecated in APPPATH\Controllers\Mahasiswa.php on line 17.
 1 SYSTEMPATH\CodeIgniter.php(906): App\Controllers\Mahasiswa->__construct()
 2 SYSTEMPATH\CodeIgniter.php(490): CodeIgniter\CodeIgniter->createController()
 3 SYSTEMPATH\CodeIgniter.php(368): CodeIgniter\CodeIgniter->handleRequest(null, Object(Config\Cache), false)
 4 FCPATH\index.php(67): CodeIgniter\CodeIgniter->run()
WARNING - 2025-10-15 02:44:13 --> [DEPRECATED] Creation of dynamic property App\Controllers\Mahasiswa::$validation is deprecated in APPPATH\Controllers\Mahasiswa.php on line 18.
 1 SYSTEMPATH\CodeIgniter.php(906): App\Controllers\Mahasiswa->__construct()
 2 SYSTEMPATH\CodeIgniter.php(490): CodeIgniter\CodeIgniter->createController()
 3 SYSTEMPATH\CodeIgniter.php(368): CodeIgniter\CodeIgniter->handleRequest(null, Object(Config\Cache), false)
 4 FCPATH\index.php(67): CodeIgniter\CodeIgniter->run()
WARNING - 2025-10-15 02:44:13 --> [DEPRECATED] Creation of dynamic property App\Controllers\Mahasiswa::$mdl is deprecated in APPPATH\Controllers\Mahasiswa.php on line 17.
 1 SYSTEMPATH\CodeIgniter.php(906): App\Controllers\Mahasiswa->__construct()
 2 SYSTEMPATH\CodeIgniter.php(490): CodeIgniter\CodeIgniter->createController()
 3 SYSTEMPATH\CodeIgniter.php(368): CodeIgniter\CodeIgniter->handleRequest(null, Object(Config\Cache), false)
 4 FCPATH\index.php(67): CodeIgniter\CodeIgniter->run()
WARNING - 2025-10-15 02:44:13 --> [DEPRECATED] Creation of dynamic property App\Controllers\Mahasiswa::$validation is deprecated in APPPATH\Controllers\Mahasiswa.php on line 18.
 1 SYSTEMPATH\CodeIgniter.php(906): App\Controllers\Mahasiswa->__construct()
 2 SYSTEMPATH\CodeIgniter.php(490): CodeIgniter\CodeIgniter->createController()
 3 SYSTEMPATH\CodeIgniter.php(368): CodeIgniter\CodeIgniter->handleRequest(null, Object(Config\Cache), false)
 4 FCPATH\index.php(67): CodeIgniter\CodeIgniter->run()
WARNING - 2025-10-15 02:44:28 --> [DEPRECATED] Creation of dynamic property App\Controllers\Mahasiswa::$mdl is deprecated in APPPATH\Controllers\Mahasiswa.php on line 17.
 1 SYSTEMPATH\CodeIgniter.php(906): App\Controllers\Mahasiswa->__construct()
 2 SYSTEMPATH\CodeIgniter.php(490): CodeIgniter\CodeIgniter->createController()
 3 SYSTEMPATH\CodeIgniter.php(368): CodeIgniter\CodeIgniter->handleRequest(null, Object(Config\Cache), false)
 4 FCPATH\index.php(67): CodeIgniter\CodeIgniter->run()
WARNING - 2025-10-15 02:44:28 --> [DEPRECATED] Creation of dynamic property App\Controllers\Mahasiswa::$validation is deprecated in APPPATH\Controllers\Mahasiswa.php on line 18.
 1 SYSTEMPATH\CodeIgniter.php(906): App\Controllers\Mahasiswa->__construct()
 2 SYSTEMPATH\CodeIgniter.php(490): CodeIgniter\CodeIgniter->createController()
 3 SYSTEMPATH\CodeIgniter.php(368): CodeIgniter\CodeIgniter->handleRequest(null, Object(Config\Cache), false)
 4 FCPATH\index.php(67): CodeIgniter\CodeIgniter->run()
WARNING - 2025-10-15 02:44:28 --> [DEPRECATED] Creation of dynamic property App\Controllers\Mahasiswa::$mdl is deprecated in APPPATH\Controllers\Mahasiswa.php on line 17.
 1 SYSTEMPATH\CodeIgniter.php(906): App\Controllers\Mahasiswa->__construct()
 2 SYSTEMPATH\CodeIgniter.php(490): CodeIgniter\CodeIgniter->createController()
 3 SYSTEMPATH\CodeIgniter.php(368): CodeIgniter\CodeIgniter->handleRequest(null, Object(Config\Cache), false)
 4 FCPATH\index.php(67): CodeIgniter\CodeIgniter->run()
WARNING - 2025-10-15 02:44:28 --> [DEPRECATED] Creation of dynamic property App\Controllers\Mahasiswa::$validation is deprecated in APPPATH\Controllers\Mahasiswa.php on line 18.
 1 SYSTEMPATH\CodeIgniter.php(906): App\Controllers\Mahasiswa->__construct()
 2 SYSTEMPATH\CodeIgniter.php(490): CodeIgniter\CodeIgniter->createController()
 3 SYSTEMPATH\CodeIgniter.php(368): CodeIgniter\CodeIgniter->handleRequest(null, Object(Config\Cache), false)
 4 FCPATH\index.php(67): CodeIgniter\CodeIgniter->run()
WARNING - 2025-10-15 02:47:07 --> [DEPRECATED] Creation of dynamic property App\Controllers\Mahasiswa::$mdl is deprecated in APPPATH\Controllers\Mahasiswa.php on line 17.
 1 SYSTEMPATH\CodeIgniter.php(906): App\Controllers\Mahasiswa->__construct()
 2 SYSTEMPATH\CodeIgniter.php(490): CodeIgniter\CodeIgniter->createController()
 3 SYSTEMPATH\CodeIgniter.php(368): CodeIgniter\CodeIgniter->handleRequest(null, Object(Config\Cache), false)
 4 FCPATH\index.php(67): CodeIgniter\CodeIgniter->run()
WARNING - 2025-10-15 02:47:07 --> [DEPRECATED] Creation of dynamic property App\Controllers\Mahasiswa::$validation is deprecated in APPPATH\Controllers\Mahasiswa.php on line 18.
 1 SYSTEMPATH\CodeIgniter.php(906): App\Controllers\Mahasiswa->__construct()
 2 SYSTEMPATH\CodeIgniter.php(490): CodeIgniter\CodeIgniter->createController()
 3 SYSTEMPATH\CodeIgniter.php(368): CodeIgniter\CodeIgniter->handleRequest(null, Object(Config\Cache), false)
 4 FCPATH\index.php(67): CodeIgniter\CodeIgniter->run()
WARNING - 2025-10-15 02:47:07 --> [DEPRECATED] Creation of dynamic property App\Controllers\Mahasiswa::$mdl is deprecated in APPPATH\Controllers\Mahasiswa.php on line 17.
 1 SYSTEMPATH\CodeIgniter.php(906): App\Controllers\Mahasiswa->__construct()
 2 SYSTEMPATH\CodeIgniter.php(490): CodeIgniter\CodeIgniter->createController()
 3 SYSTEMPATH\CodeIgniter.php(368): CodeIgniter\CodeIgniter->handleRequest(null, Object(Config\Cache), false)
 4 FCPATH\index.php(67): CodeIgniter\CodeIgniter->run()
WARNING - 2025-10-15 02:47:07 --> [DEPRECATED] Creation of dynamic property App\Controllers\Mahasiswa::$validation is deprecated in APPPATH\Controllers\Mahasiswa.php on line 18.
 1 SYSTEMPATH\CodeIgniter.php(906): App\Controllers\Mahasiswa->__construct()
 2 SYSTEMPATH\CodeIgniter.php(490): CodeIgniter\CodeIgniter->createController()
 3 SYSTEMPATH\CodeIgniter.php(368): CodeIgniter\CodeIgniter->handleRequest(null, Object(Config\Cache), false)
 4 FCPATH\index.php(67): CodeIgniter\CodeIgniter->run()
WARNING - 2025-10-15 02:47:15 --> [DEPRECATED] Creation of dynamic property App\Controllers\Mahasiswa::$mdl is deprecated in APPPATH\Controllers\Mahasiswa.php on line 17.
 1 SYSTEMPATH\CodeIgniter.php(906): App\Controllers\Mahasiswa->__construct()
 2 SYSTEMPATH\CodeIgniter.php(490): CodeIgniter\CodeIgniter->createController()
 3 SYSTEMPATH\CodeIgniter.php(368): CodeIgniter\CodeIgniter->handleRequest(null, Object(Config\Cache), false)
 4 FCPATH\index.php(67): CodeIgniter\CodeIgniter->run()
WARNING - 2025-10-15 02:47:15 --> [DEPRECATED] Creation of dynamic property App\Controllers\Mahasiswa::$validation is deprecated in APPPATH\Controllers\Mahasiswa.php on line 18.
 1 SYSTEMPATH\CodeIgniter.php(906): App\Controllers\Mahasiswa->__construct()
 2 SYSTEMPATH\CodeIgniter.php(490): CodeIgniter\CodeIgniter->createController()
 3 SYSTEMPATH\CodeIgniter.php(368): CodeIgniter\CodeIgniter->handleRequest(null, Object(Config\Cache), false)
 4 FCPATH\index.php(67): CodeIgniter\CodeIgniter->run()
WARNING - 2025-10-15 03:33:49 --> [DEPRECATED] Creation of dynamic property App\Controllers\Mahasiswa::$mdl is deprecated in APPPATH\Controllers\Mahasiswa.php on line 17.
 1 SYSTEMPATH\CodeIgniter.php(906): App\Controllers\Mahasiswa->__construct()
 2 SYSTEMPATH\CodeIgniter.php(490): CodeIgniter\CodeIgniter->createController()
 3 SYSTEMPATH\CodeIgniter.php(368): CodeIgniter\CodeIgniter->handleRequest(null, Object(Config\Cache), false)
 4 FCPATH\index.php(67): CodeIgniter\CodeIgniter->run()
WARNING - 2025-10-15 03:33:49 --> [DEPRECATED] Creation of dynamic property App\Controllers\Mahasiswa::$validation is deprecated in APPPATH\Controllers\Mahasiswa.php on line 18.
 1 SYSTEMPATH\CodeIgniter.php(906): App\Controllers\Mahasiswa->__construct()
 2 SYSTEMPATH\CodeIgniter.php(490): CodeIgniter\CodeIgniter->createController()
 3 SYSTEMPATH\CodeIgniter.php(368): CodeIgniter\CodeIgniter->handleRequest(null, Object(Config\Cache), false)
 4 FCPATH\index.php(67): CodeIgniter\CodeIgniter->run()
WARNING - 2025-10-15 07:21:14 --> [DEPRECATED] Creation of dynamic property App\Controllers\Mahasiswa::$mdl is deprecated in APPPATH\Controllers\Mahasiswa.php on line 17.
 1 SYSTEMPATH\CodeIgniter.php(906): App\Controllers\Mahasiswa->__construct()
 2 SYSTEMPATH\CodeIgniter.php(490): CodeIgniter\CodeIgniter->createController()
 3 SYSTEMPATH\CodeIgniter.php(368): CodeIgniter\CodeIgniter->handleRequest(null, Object(Config\Cache), false)
 4 FCPATH\index.php(67): CodeIgniter\CodeIgniter->run()
WARNING - 2025-10-15 07:21:14 --> [DEPRECATED] Creation of dynamic property App\Controllers\Mahasiswa::$validation is deprecated in APPPATH\Controllers\Mahasiswa.php on line 18.
 1 SYSTEMPATH\CodeIgniter.php(906): App\Controllers\Mahasiswa->__construct()
 2 SYSTEMPATH\CodeIgniter.php(490): CodeIgniter\CodeIgniter->createController()
 3 SYSTEMPATH\CodeIgniter.php(368): CodeIgniter\CodeIgniter->handleRequest(null, Object(Config\Cache), false)
 4 FCPATH\index.php(67): CodeIgniter\CodeIgniter->run()
WARNING - 2025-10-15 07:21:53 --> [DEPRECATED] Creation of dynamic property App\Controllers\Mahasiswa::$mdl is deprecated in APPPATH\Controllers\Mahasiswa.php on line 17.
 1 SYSTEMPATH\CodeIgniter.php(906): App\Controllers\Mahasiswa->__construct()
 2 SYSTEMPATH\CodeIgniter.php(490): CodeIgniter\CodeIgniter->createController()
 3 SYSTEMPATH\CodeIgniter.php(368): CodeIgniter\CodeIgniter->handleRequest(null, Object(Config\Cache), false)
 4 FCPATH\index.php(67): CodeIgniter\CodeIgniter->run()
WARNING - 2025-10-15 07:21:53 --> [DEPRECATED] Creation of dynamic property App\Controllers\Mahasiswa::$validation is deprecated in APPPATH\Controllers\Mahasiswa.php on line 18.
 1 SYSTEMPATH\CodeIgniter.php(906): App\Controllers\Mahasiswa->__construct()
 2 SYSTEMPATH\CodeIgniter.php(490): CodeIgniter\CodeIgniter->createController()
 3 SYSTEMPATH\CodeIgniter.php(368): CodeIgniter\CodeIgniter->handleRequest(null, Object(Config\Cache), false)
 4 FCPATH\index.php(67): CodeIgniter\CodeIgniter->run()
