WARNING - 2025-10-08 02:45:13 --> [DEPRECATED] Creation of dynamic property App\Controllers\Mahasiswa::$mdl is deprecated in APPPATH\Controllers\Mahasiswa.php on line 17.
 1 SYSTEMPATH\CodeIgniter.php(906): App\Controllers\Mahasiswa->__construct()
 2 SYSTEMPATH\CodeIgniter.php(490): CodeIgniter\CodeIgniter->createController()
 3 SYSTEMPATH\CodeIgniter.php(368): CodeIgniter\CodeIgniter->handleRequest(null, Object(Config\Cache), false)
 4 FCPATH\index.php(67): CodeIgniter\CodeIgniter->run()
WARNING - 2025-10-08 02:45:13 --> [DEPRECATED] Creation of dynamic property App\Controllers\Mahasiswa::$validation is deprecated in APPPATH\Controllers\Mahasiswa.php on line 18.
 1 SYSTEMPATH\CodeIgniter.php(906): App\Controllers\Mahasiswa->__construct()
 2 SYSTEMPATH\CodeIgniter.php(490): CodeIgniter\CodeIgniter->createController()
 3 SYSTEMPATH\CodeIgniter.php(368): CodeIgniter\CodeIgniter->handleRequest(null, Object(Config\Cache), false)
 4 FCPATH\index.php(67): CodeIgniter\CodeIgniter->run()
WARNING - 2025-10-08 02:52:11 --> [DEPRECATED] Creation of dynamic property App\Controllers\Mahasiswa::$mdl is deprecated in APPPATH\Controllers\Mahasiswa.php on line 17.
 1 SYSTEMPATH\CodeIgniter.php(906): App\Controllers\Mahasiswa->__construct()
 2 SYSTEMPATH\CodeIgniter.php(490): CodeIgniter\CodeIgniter->createController()
 3 SYSTEMPATH\CodeIgniter.php(368): CodeIgniter\CodeIgniter->handleRequest(null, Object(Config\Cache), false)
 4 FCPATH\index.php(67): CodeIgniter\CodeIgniter->run()
WARNING - 2025-10-08 02:52:11 --> [DEPRECATED] Creation of dynamic property App\Controllers\Mahasiswa::$validation is deprecated in APPPATH\Controllers\Mahasiswa.php on line 18.
 1 SYSTEMPATH\CodeIgniter.php(906): App\Controllers\Mahasiswa->__construct()
 2 SYSTEMPATH\CodeIgniter.php(490): CodeIgniter\CodeIgniter->createController()
 3 SYSTEMPATH\CodeIgniter.php(368): CodeIgniter\CodeIgniter->handleRequest(null, Object(Config\Cache), false)
 4 FCPATH\index.php(67): CodeIgniter\CodeIgniter->run()
WARNING - 2025-10-08 02:57:07 --> [DEPRECATED] Creation of dynamic property App\Controllers\Mahasiswa::$mdl is deprecated in APPPATH\Controllers\Mahasiswa.php on line 17.
 1 SYSTEMPATH\CodeIgniter.php(906): App\Controllers\Mahasiswa->__construct()
 2 SYSTEMPATH\CodeIgniter.php(490): CodeIgniter\CodeIgniter->createController()
 3 SYSTEMPATH\CodeIgniter.php(368): CodeIgniter\CodeIgniter->handleRequest(null, Object(Config\Cache), false)
 4 FCPATH\index.php(67): CodeIgniter\CodeIgniter->run()
WARNING - 2025-10-08 02:57:07 --> [DEPRECATED] Creation of dynamic property App\Controllers\Mahasiswa::$validation is deprecated in APPPATH\Controllers\Mahasiswa.php on line 18.
 1 SYSTEMPATH\CodeIgniter.php(906): App\Controllers\Mahasiswa->__construct()
 2 SYSTEMPATH\CodeIgniter.php(490): CodeIgniter\CodeIgniter->createController()
 3 SYSTEMPATH\CodeIgniter.php(368): CodeIgniter\CodeIgniter->handleRequest(null, Object(Config\Cache), false)
 4 FCPATH\index.php(67): CodeIgniter\CodeIgniter->run()
